SF:/Users/ismalware/Developer/dart_projects/realtime/lib/socket-client/lib/src/services/room/room.dart
DA:25,0
DA:27,1
DA:37,1
DA:39,1
DA:43,2
DA:45,2
DA:47,2
DA:48,1
DA:51,1
DA:58,1
DA:70,1
DA:71,2
DA:73,2
DA:76,1
DA:77,2
DA:79,2
DA:80,0
DA:84,4
DA:90,1
DA:91,2
DA:94,2
DA:95,2
DA:99,0
DA:105,1
DA:106,1
DA:107,0
DA:111,1
DA:113,1
DA:114,2
DA:115,2
DA:117,2
DA:120,5
DA:121,3
DA:125,1
DA:126,1
DA:128,2
DA:132,1
DA:133,1
DA:135,3
DA:136,3
DA:137,1
DA:138,1
DA:141,3
DA:142,4
DA:146,1
DA:147,4
DA:148,4
DA:151,2
DA:152,2
DA:153,2
DA:154,2
DA:156,2
DA:162,0
DA:163,0
DA:165,0
DA:167,0
DA:171,1
DA:172,4
DA:173,6
DA:174,3
DA:175,0
DA:181,1
DA:182,1
DA:184,4
DA:186,1
DA:187,6
DA:188,4
DA:191,0
DA:192,0
LF:69
LH:58
end_of_record
SF:/Users/ismalware/Developer/dart_projects/realtime/lib/socket-client/lib/src/interfaces/params/socket_connect_params.dart
DA:7,1
LF:1
LH:1
end_of_record
SF:/Users/ismalware/Developer/dart_projects/realtime/lib/socket-client/lib/src/services/presence/models/presence_event.dart
DA:8,1
DA:16,1
DA:17,1
DA:18,1
DA:19,1
DA:20,1
DA:21,1
DA:22,1
DA:26,1
DA:27,1
DA:28,1
DA:29,1
DA:30,1
DA:31,1
DA:32,1
DA:36,1
DA:38,6
LF:17
LH:17
end_of_record
SF:/Users/ismalware/Developer/dart_projects/realtime/lib/socket-client/lib/src/services/presence/models/presence_event_from_server.dart
DA:7,1
DA:17,1
DA:18,1
DA:19,1
DA:20,1
DA:21,1
DA:22,1
DA:23,1
DA:24,1
DA:25,1
DA:29,0
DA:31,0
DA:32,0
DA:33,0
DA:34,0
DA:38,0
DA:39,0
LF:17
LH:10
end_of_record
SF:/Users/ismalware/Developer/dart_projects/realtime/lib/socket-client/lib/src/services/presence/presence.dart
DA:20,2
DA:25,2
DA:32,2
DA:39,4
DA:41,2
DA:42,2
DA:46,1
DA:47,1
DA:49,2
DA:51,1
DA:52,2
DA:53,2
DA:54,1
DA:56,3
DA:58,3
DA:59,1
DA:60,1
DA:63,3
DA:64,4
DA:69,1
DA:70,1
DA:71,2
DA:73,2
DA:74,2
DA:75,2
DA:78,5
DA:79,5
DA:82,2
DA:83,8
DA:84,8
DA:85,8
DA:87,8
DA:88,4
DA:92,2
DA:93,6
DA:94,6
DA:95,6
DA:102,0
DA:106,0
DA:114,0
DA:115,0
DA:116,0
DA:117,0
DA:121,2
DA:122,8
DA:123,8
DA:124,8
DA:129,1
DA:130,1
DA:132,3
DA:134,3
DA:136,2
DA:138,3
DA:139,1
DA:140,1
DA:141,1
DA:142,1
DA:143,1
DA:144,1
DA:152,1
DA:153,1
DA:155,3
DA:157,3
DA:158,2
DA:159,3
DA:165,1
DA:166,1
DA:168,3
DA:170,4
DA:171,3
DA:172,1
DA:173,1
DA:174,1
DA:175,1
DA:176,1
DA:178,1
LF:76
LH:70
end_of_record
SF:/Users/ismalware/Developer/dart_projects/realtime/lib/socket-client/lib/src/services/room/models/room_details.dart
DA:8,1
DA:16,2
DA:17,1
DA:18,1
DA:19,1
DA:20,1
DA:21,1
DA:24,2
DA:25,1
DA:26,1
DA:27,1
DA:28,1
DA:29,2
LF:13
LH:13
end_of_record
SF:/Users/ismalware/Developer/dart_projects/realtime/lib/socket-client/lib/src/services/room/models/room_history.dart
DA:10,1
DA:18,2
DA:19,1
DA:20,2
DA:21,1
DA:22,2
DA:23,2
DA:24,2
DA:25,1
DA:28,2
DA:29,1
DA:30,2
DA:31,4
DA:32,1
DA:33,1
DA:36,1
DA:37,2
LF:17
LH:17
end_of_record
SF:/Users/ismalware/Developer/dart_projects/realtime/lib/socket-client/lib/src/services/room/models/socket_event.dart
DA:11,1
DA:20,2
DA:21,1
DA:22,1
DA:23,1
DA:24,1
DA:25,1
DA:26,1
DA:29,2
DA:30,1
DA:31,1
DA:32,1
DA:33,1
DA:34,2
DA:36,1
DA:37,1
LF:16
LH:16
end_of_record
SF:/Users/ismalware/Developer/dart_projects/realtime/lib/socket-client/lib/src/services/room/models/user_presence.dart
DA:5,3
DA:10,2
DA:11,1
DA:12,1
DA:15,2
DA:16,1
DA:17,1
LF:7
LH:7
end_of_record
SF:/Users/ismalware/Developer/dart_projects/realtime/lib/socket-client/lib/src/utils/debugger_logger_adapter.dart
DA:9,4
DA:11,3
DA:18,3
DA:19,3
DA:20,3
LF:5
LH:5
end_of_record
SF:/Users/ismalware/Developer/dart_projects/realtime/lib/socket-client/lib/src/services/realtime/reatime.dart
DA:18,2
DA:20,1
DA:33,2
DA:34,1
DA:35,1
DA:36,1
DA:37,1
DA:38,1
DA:42,3
DA:45,3
DA:49,0
DA:50,0
DA:51,0
DA:52,0
DA:54,0
DA:59,1
DA:60,2
DA:61,2
LF:18
LH:13
end_of_record
SF:/Users/ismalware/Developer/dart_projects/realtime/lib/socket-client/lib/src/exceptions/socket_exceptions.dart
DA:10,1
DA:18,1
DA:19,1
DA:20,1
DA:21,1
DA:22,1
DA:23,1
DA:24,1
DA:25,4
LF:9
LH:9
end_of_record
SF:/Users/ismalware/Developer/dart_projects/realtime/lib/socket-client/lib/src/services/connections/client_connection.dart
DA:17,4
DA:19,2
DA:22,4
DA:23,2
DA:24,4
DA:27,0
DA:30,0
DA:31,0
DA:34,0
DA:37,1
DA:38,2
DA:40,2
DA:43,2
DA:44,8
DA:45,8
DA:46,8
DA:47,8
DA:48,8
DA:49,8
DA:50,8
DA:51,8
DA:53,8
DA:57,1
DA:58,1
DA:60,2
DA:62,2
DA:63,1
DA:70,1
DA:71,2
DA:72,1
DA:75,1
DA:76,2
DA:77,1
DA:80,1
DA:81,2
DA:82,1
DA:85,1
DA:86,2
DA:91,1
DA:94,1
DA:95,1
DA:97,2
DA:103,2
DA:106,1
DA:107,1
DA:109,2
DA:112,2
DA:115,2
DA:118,1
DA:119,1
DA:121,2
DA:127,2
DA:130,1
DA:131,1
DA:133,2
DA:135,1
DA:138,1
DA:140,1
DA:144,1
DA:145,1
DA:147,1
DA:148,2
DA:149,2
DA:152,2
DA:154,2
DA:155,1
LF:66
LH:62
end_of_record
SF:/Users/ismalware/Developer/dart_projects/realtime/lib/socket-client/lib/src/services/connections/connection_state.dart
DA:10,1
LF:1
LH:1
end_of_record
