SF:/Users/ismalware/Developer/dart_projects/realtime/lib/socket-client/lib/src/services/room/room.dart
DA:27,0
DA:29,1
DA:39,1
DA:41,1
DA:45,2
DA:47,2
DA:49,2
DA:50,1
DA:53,1
DA:60,1
DA:72,1
DA:73,2
DA:75,2
DA:78,1
DA:79,2
DA:81,2
DA:82,0
DA:86,4
DA:92,1
DA:93,2
DA:96,2
DA:97,2
DA:101,0
DA:107,1
DA:108,1
DA:109,0
DA:113,1
DA:115,1
DA:116,2
DA:117,2
DA:119,2
DA:122,5
DA:123,3
DA:127,1
DA:128,1
DA:130,2
DA:134,1
DA:135,1
DA:137,3
DA:138,3
DA:139,1
DA:140,1
DA:143,3
DA:144,4
DA:148,1
DA:149,4
DA:150,4
DA:153,2
DA:154,2
DA:155,2
DA:156,2
DA:158,2
DA:164,0
DA:165,0
DA:167,0
DA:169,0
DA:173,1
DA:174,4
DA:175,6
DA:176,3
DA:177,0
DA:183,1
DA:184,1
DA:186,4
DA:188,1
DA:189,6
DA:190,4
DA:193,0
DA:194,0
LF:69
LH:58
end_of_record
SF:/Users/ismalware/Developer/dart_projects/realtime/lib/socket-client/lib/src/adapters/debugger_logger_adapter.dart
DA:9,4
DA:11,3
DA:18,3
DA:19,3
DA:20,3
LF:5
LH:5
end_of_record
SF:/Users/ismalware/Developer/dart_projects/realtime/lib/socket-client/lib/src/adapters/socket_adapter.dart
DA:10,0
DA:12,0
DA:14,0
DA:18,0
DA:19,0
DA:21,0
DA:23,0
DA:24,0
DA:25,0
DA:28,0
DA:30,0
DA:32,0
DA:33,0
DA:34,0
DA:35,0
DA:36,0
DA:37,0
DA:38,0
DA:40,0
DA:44,0
DA:48,0
DA:50,0
DA:52,0
DA:53,0
DA:54,0
DA:55,0
DA:56,0
DA:57,0
DA:58,0
DA:59,0
DA:60,0
DA:61,0
DA:63,0
DA:64,0
DA:65,0
DA:66,0
DA:67,0
DA:69,0
DA:73,0
DA:75,0
DA:77,0
DA:80,0
DA:82,0
DA:84,0
LF:44
LH:0
end_of_record
SF:/Users/ismalware/Developer/dart_projects/realtime/lib/socket-client/lib/src/interfaces/params/socket_connect_params.dart
DA:7,1
LF:1
LH:1
end_of_record
SF:/Users/ismalware/Developer/dart_projects/realtime/lib/socket-client/lib/src/services/presence/models/presence_event.dart
DA:8,1
DA:16,1
DA:17,1
DA:18,1
DA:19,1
DA:20,1
DA:21,1
DA:22,1
DA:26,1
DA:27,1
DA:28,1
DA:29,1
DA:30,1
DA:31,1
DA:32,1
DA:36,1
DA:38,6
LF:17
LH:17
end_of_record
SF:/Users/ismalware/Developer/dart_projects/realtime/lib/socket-client/lib/src/services/presence/models/presence_event_from_server.dart
DA:7,1
DA:17,1
DA:18,1
DA:19,1
DA:20,1
DA:21,1
DA:22,1
DA:23,1
DA:24,1
DA:25,1
DA:29,0
DA:31,0
DA:32,0
DA:33,0
DA:34,0
DA:38,0
DA:39,0
LF:17
LH:10
end_of_record
SF:/Users/ismalware/Developer/dart_projects/realtime/lib/socket-client/lib/src/services/presence/presence.dart
DA:22,2
DA:27,2
DA:34,2
DA:41,4
DA:43,2
DA:44,2
DA:48,1
DA:49,1
DA:51,2
DA:53,1
DA:54,2
DA:55,2
DA:56,1
DA:58,3
DA:60,3
DA:61,1
DA:62,1
DA:65,3
DA:66,4
DA:71,1
DA:72,1
DA:73,2
DA:75,2
DA:76,2
DA:77,2
DA:80,5
DA:81,5
DA:84,2
DA:85,8
DA:86,8
DA:87,8
DA:89,8
DA:90,4
DA:94,2
DA:95,6
DA:96,6
DA:97,6
DA:104,0
DA:108,0
DA:116,0
DA:117,0
DA:118,0
DA:119,0
DA:123,2
DA:124,8
DA:125,8
DA:126,8
DA:131,1
DA:132,1
DA:134,3
DA:136,3
DA:138,2
DA:140,3
DA:141,1
DA:142,1
DA:143,1
DA:144,1
DA:145,1
DA:146,1
DA:154,1
DA:155,1
DA:157,3
DA:159,3
DA:160,2
DA:161,3
DA:167,1
DA:168,1
DA:170,3
DA:172,4
DA:173,3
DA:174,1
DA:175,1
DA:176,1
DA:177,1
DA:178,1
DA:180,1
LF:76
LH:70
end_of_record
SF:/Users/ismalware/Developer/dart_projects/realtime/lib/socket-client/lib/src/services/room/models/room_details.dart
DA:8,1
DA:16,2
DA:17,1
DA:18,1
DA:19,1
DA:20,1
DA:21,1
DA:24,2
DA:25,1
DA:26,1
DA:27,1
DA:28,1
DA:29,2
LF:13
LH:13
end_of_record
SF:/Users/ismalware/Developer/dart_projects/realtime/lib/socket-client/lib/src/services/room/models/room_history.dart
DA:10,1
DA:18,2
DA:19,1
DA:20,2
DA:21,1
DA:22,2
DA:23,2
DA:24,2
DA:25,1
DA:28,2
DA:29,1
DA:30,2
DA:31,4
DA:32,1
DA:33,1
DA:36,1
DA:37,2
LF:17
LH:17
end_of_record
SF:/Users/ismalware/Developer/dart_projects/realtime/lib/socket-client/lib/src/services/room/models/socket_event.dart
DA:11,1
DA:20,2
DA:21,1
DA:22,1
DA:23,1
DA:24,1
DA:25,1
DA:26,1
DA:29,2
DA:30,1
DA:31,1
DA:32,1
DA:33,1
DA:34,2
DA:36,1
DA:37,1
LF:16
LH:16
end_of_record
SF:/Users/ismalware/Developer/dart_projects/realtime/lib/socket-client/lib/src/services/room/models/user_presence.dart
DA:5,3
DA:10,2
DA:11,1
DA:12,1
DA:15,2
DA:16,1
DA:17,1
LF:7
LH:7
end_of_record
SF:/Users/ismalware/Developer/dart_projects/realtime/lib/socket-client/lib/src/exceptions/socket_exceptions.dart
DA:10,1
DA:18,1
DA:19,1
DA:20,1
DA:21,1
DA:22,1
DA:23,1
DA:24,1
DA:25,4
LF:9
LH:9
end_of_record
SF:/Users/ismalware/Developer/dart_projects/realtime/lib/socket-client/lib/src/services/connections/client_connection.dart
DA:17,4
DA:19,2
DA:22,4
DA:23,2
DA:24,4
DA:27,0
DA:30,0
DA:31,0
DA:34,0
DA:37,1
DA:38,2
DA:40,2
DA:43,2
DA:44,8
DA:45,8
DA:46,8
DA:47,8
DA:48,8
DA:49,8
DA:50,8
DA:51,8
DA:53,8
DA:57,1
DA:58,1
DA:60,2
DA:62,2
DA:63,1
DA:70,1
DA:71,2
DA:72,1
DA:75,1
DA:76,2
DA:77,1
DA:80,1
DA:81,2
DA:82,1
DA:85,1
DA:86,2
DA:91,1
DA:94,1
DA:95,1
DA:97,2
DA:103,2
DA:106,1
DA:107,1
DA:109,2
DA:112,2
DA:115,2
DA:118,1
DA:119,1
DA:121,2
DA:127,2
DA:130,1
DA:131,1
DA:133,2
DA:135,1
DA:138,1
DA:140,1
DA:144,1
DA:145,1
DA:147,1
DA:148,2
DA:149,2
DA:152,2
DA:154,2
DA:155,1
LF:66
LH:62
end_of_record
SF:/Users/ismalware/Developer/dart_projects/realtime/lib/socket-client/lib/src/services/connections/connection_state.dart
DA:10,1
LF:1
LH:1
end_of_record
SF:/Users/ismalware/Developer/dart_projects/realtime/lib/socket-client/lib/src/services/realtime/reatime.dart
DA:18,2
DA:20,1
DA:33,2
DA:34,1
DA:35,1
DA:36,1
DA:37,1
DA:38,1
DA:42,3
DA:45,3
DA:49,0
DA:50,0
DA:51,0
DA:52,0
DA:54,0
DA:59,1
DA:60,2
DA:61,2
LF:18
LH:13
end_of_record
